@!@!@STARTMSG 2262:0 @!@!@
TLC2 Version 2.20 of Day Month 20?? (rev: 5706453)
@!@!@ENDMSG 2262 @!@!@
@!@!@STARTMSG 2187:0 @!@!@
Running breadth-first search Model-Checking with fp 13 and seed 6803860982609215383 with 1 worker on 4 cores with 3540MB heap and 64MB offheap memory [pid: 90667] (Linux 6.8.0-49-generic amd64, Ubuntu 11.0.25 x86_64, MSBDiskFPSet, DiskStateQueue).
@!@!@ENDMSG 2187 @!@!@
@!@!@STARTMSG 2220:0 @!@!@
Starting SANY...
@!@!@ENDMSG 2220 @!@!@
Parsing file /home/bruno/dev/tla_and_deterministic_simulation_testing_intro/manual_rollback/spec.tla
Parsing file /tmp/tlc-14409975314644856250/TLC.tla (jar:file:/home/bruno/.vscode/extensions/tlaplus.vscode-ide-2024.12.161935/tools/tla2tools.jar!/tla2sany/StandardModules/TLC.tla)
Parsing file /tmp/tlc-14409975314644856250/Naturals.tla (jar:file:/home/bruno/.vscode/extensions/tlaplus.vscode-ide-2024.12.161935/tools/tla2tools.jar!/tla2sany/StandardModules/Naturals.tla)
Parsing file /tmp/tlc-14409975314644856250/Sequences.tla (jar:file:/home/bruno/.vscode/extensions/tlaplus.vscode-ide-2024.12.161935/tools/tla2tools.jar!/tla2sany/StandardModules/Sequences.tla)
Parsing file /tmp/tlc-14409975314644856250/FiniteSets.tla (jar:file:/home/bruno/.vscode/extensions/tlaplus.vscode-ide-2024.12.161935/tools/tla2tools.jar!/tla2sany/StandardModules/FiniteSets.tla)
Semantic processing of module Naturals
Semantic processing of module Sequences
Semantic processing of module FiniteSets
Semantic processing of module TLC
Semantic processing of module spec
@!@!@STARTMSG 2219:0 @!@!@
SANY finished.
@!@!@ENDMSG 2219 @!@!@
@!@!@STARTMSG 2185:0 @!@!@
Starting... (2024-12-16 22:56:18)
@!@!@ENDMSG 2185 @!@!@
@!@!@STARTMSG 2212:0 @!@!@
Implied-temporal checking--satisfiability problem has 1 branches.
@!@!@ENDMSG 2212 @!@!@
@!@!@STARTMSG 2189:0 @!@!@
Computing initial states...
@!@!@ENDMSG 2189 @!@!@
@!@!@STARTMSG 2190:0 @!@!@
Finished computing initial states: 1 distinct state generated at 2024-12-16 22:56:18.
@!@!@ENDMSG 2190 @!@!@
@!@!@STARTMSG 2200:0 @!@!@
Progress(4) at 2024-12-16 22:56:18: 9 states generated, 6 distinct states found, 0 states left on queue.
@!@!@ENDMSG 2200 @!@!@
@!@!@STARTMSG 2192:0 @!@!@
Checking temporal properties for the complete state space with 6 total distinct states at (2024-12-16 22:56:18)
@!@!@ENDMSG 2192 @!@!@
@!@!@STARTMSG 2116:1 @!@!@
Temporal properties were violated.

@!@!@ENDMSG 2116 @!@!@
@!@!@STARTMSG 2264:1 @!@!@
The following behavior constitutes a counter-example:

@!@!@ENDMSG 2264 @!@!@
@!@!@STARTMSG 2217:4 @!@!@
1: <Initial predicate>
/\ k8s_state = "ok"
/\ pc = "write_to_db"
/\ db_state = "ok"

@!@!@ENDMSG 2217 @!@!@
@!@!@STARTMSG 2217:4 @!@!@
2: <WriteToDb line 14, col 5 to line 17, col 30 of module spec>
/\ k8s_state = "ok"
/\ pc = "write_to_k8s"
/\ db_state = "modified"

@!@!@ENDMSG 2217 @!@!@
@!@!@STARTMSG 2217:4 @!@!@
3: <WriteToK8s line 27, col 5 to line 35, col 34 of module spec>
/\ k8s_state = "failed"
/\ pc = "rollback_k8s"
/\ db_state = "modified"

@!@!@ENDMSG 2217 @!@!@
@!@!@STARTMSG 2217:4 @!@!@
4: <RollBackK8s line 38, col 5 to line 45, col 20 of module spec>
/\ k8s_state = "failed"
/\ pc = "done"
/\ db_state = "modified"

@!@!@ENDMSG 2217 @!@!@
@!@!@STARTMSG 2218:4 @!@!@
5: Stuttering
@!@!@ENDMSG 2218 @!@!@
@!@!@STARTMSG 2267:0 @!@!@
Finished checking temporal properties in 00s at 2024-12-16 22:56:18
@!@!@ENDMSG 2267 @!@!@
@!@!@STARTMSG 2200:0 @!@!@
Progress(4) at 2024-12-16 22:56:18: 9 states generated (466 s/min), 6 distinct states found (311 ds/min), 0 states left on queue.
@!@!@ENDMSG 2200 @!@!@
@!@!@STARTMSG 2199:0 @!@!@
9 states generated, 6 distinct states found, 0 states left on queue.
@!@!@ENDMSG 2199 @!@!@
@!@!@STARTMSG 2194:0 @!@!@
The depth of the complete state graph search is 4.
@!@!@ENDMSG 2194 @!@!@
@!@!@STARTMSG 2186:0 @!@!@
Finished in 1175ms at (2024-12-16 22:56:18)
@!@!@ENDMSG 2186 @!@!@
